<?xml version="1.0" encoding="UTF-8"?>
<beans xmlns="http://www.springframework.org/schema/beans"
	xmlns:xsi="http://www.w3.org/2001/XMLSchema-instance"
	xsi:schemaLocation="http://www.springframework.org/schema/beans 
	   					   http://www.springframework.org/schema/beans/spring-beans.xsd">

	<bean class="eu.wltr.riker.auth.SessionController"></bean>
	
	<bean id="user" class="eu.wltr.riker.auth.pojo.User">
	
	</bean>
	
	<bean id="session" class="eu.wltr.riker.auth.pojo.Session">
	
	</bean>

	<bean class="eu.wltr.riker.auth.AuthContext">
		<constructor-arg name="user" ref="user" />
		<constructor-arg name="session" ref="session" />
	</bean>

</beans>